{"C:\\Users\\USER\\OneDrive\\Desktop\\WeBarb\\webarb-be\\src\\controllers\\authController.js": {"path":"C:\\Users\\USER\\OneDrive\\Desktop\\WeBarb\\webarb-be\\src\\controllers\\authController.js","statementMap":{"0":{"start":{"line":12,"column":24},"end":{"line":91,"column":1}},"1":{"start":{"line":13,"column":2},"end":{"line":90,"column":3}},"2":{"start":{"line":25,"column":8},"end":{"line":25,"column":16}},"3":{"start":{"line":28,"column":4},"end":{"line":30,"column":5}},"4":{"start":{"line":29,"column":6},"end":{"line":29,"column":74}},"5":{"start":{"line":33,"column":25},"end":{"line":33,"column":82}},"6":{"start":{"line":34,"column":4},"end":{"line":36,"column":5}},"7":{"start":{"line":35,"column":6},"end":{"line":35,"column":71}},"8":{"start":{"line":39,"column":27},"end":{"line":39,"column":58}},"9":{"start":{"line":42,"column":20},"end":{"line":48,"column":6}},"10":{"start":{"line":51,"column":24},"end":{"line":51,"column":28}},"11":{"start":{"line":54,"column":4},"end":{"line":71,"column":5}},"12":{"start":{"line":55,"column":6},"end":{"line":57,"column":7}},"13":{"start":{"line":56,"column":8},"end":{"line":56,"column":83}},"14":{"start":{"line":60,"column":6},"end":{"line":70,"column":9}},"15":{"start":{"line":74,"column":18},"end":{"line":78,"column":5}},"16":{"start":{"line":81,"column":4},"end":{"line":86,"column":7}},"17":{"start":{"line":89,"column":4},"end":{"line":89,"column":93}},"18":{"start":{"line":96,"column":21},"end":{"line":121,"column":1}},"19":{"start":{"line":97,"column":4},"end":{"line":120,"column":5}},"20":{"start":{"line":98,"column":22},"end":{"line":98,"column":57}},"21":{"start":{"line":99,"column":29},"end":{"line":99,"column":37}},"22":{"start":{"line":102,"column":21},"end":{"line":102,"column":50}},"23":{"start":{"line":103,"column":8},"end":{"line":103,"column":106}},"24":{"start":{"line":103,"column":19},"end":{"line":103,"column":106}},"25":{"start":{"line":105,"column":24},"end":{"line":105,"column":69}},"26":{"start":{"line":106,"column":8},"end":{"line":106,"column":109}},"27":{"start":{"line":106,"column":22},"end":{"line":106,"column":109}},"28":{"start":{"line":108,"column":22},"end":{"line":108,"column":110}},"29":{"start":{"line":111,"column":56},"end":{"line":111,"column":71}},"30":{"start":{"line":113,"column":8},"end":{"line":117,"column":11}},"31":{"start":{"line":119,"column":8},"end":{"line":119,"column":84}},"32":{"start":{"line":126,"column":22},"end":{"line":138,"column":1}},"33":{"start":{"line":127,"column":4},"end":{"line":137,"column":5}},"34":{"start":{"line":128,"column":22},"end":{"line":128,"column":62}},"35":{"start":{"line":129,"column":8},"end":{"line":131,"column":9}},"36":{"start":{"line":130,"column":12},"end":{"line":130,"column":74}},"37":{"start":{"line":134,"column":8},"end":{"line":134,"column":96}},"38":{"start":{"line":136,"column":8},"end":{"line":136,"column":85}}},"fnMap":{"0":{"name":"(anonymous_0)","decl":{"start":{"line":12,"column":24},"end":{"line":12,"column":25}},"loc":{"start":{"line":12,"column":44},"end":{"line":91,"column":1}},"line":12},"1":{"name":"(anonymous_1)","decl":{"start":{"line":96,"column":21},"end":{"line":96,"column":22}},"loc":{"start":{"line":96,"column":41},"end":{"line":121,"column":1}},"line":96},"2":{"name":"(anonymous_2)","decl":{"start":{"line":126,"column":22},"end":{"line":126,"column":23}},"loc":{"start":{"line":126,"column":42},"end":{"line":138,"column":1}},"line":126}},"branchMap":{"0":{"loc":{"start":{"line":28,"column":4},"end":{"line":30,"column":5}},"type":"if","locations":[{"start":{"line":28,"column":4},"end":{"line":30,"column":5}},{"start":{},"end":{}}],"line":28},"1":{"loc":{"start":{"line":28,"column":8},"end":{"line":28,"column":65}},"type":"binary-expr","locations":[{"start":{"line":28,"column":8},"end":{"line":28,"column":17}},{"start":{"line":28,"column":21},"end":{"line":28,"column":27}},{"start":{"line":28,"column":31},"end":{"line":28,"column":43}},{"start":{"line":28,"column":47},"end":{"line":28,"column":56}},{"start":{"line":28,"column":60},"end":{"line":28,"column":65}}],"line":28},"2":{"loc":{"start":{"line":34,"column":4},"end":{"line":36,"column":5}},"type":"if","locations":[{"start":{"line":34,"column":4},"end":{"line":36,"column":5}},{"start":{},"end":{}}],"line":34},"3":{"loc":{"start":{"line":54,"column":4},"end":{"line":71,"column":5}},"type":"if","locations":[{"start":{"line":54,"column":4},"end":{"line":71,"column":5}},{"start":{},"end":{}}],"line":54},"4":{"loc":{"start":{"line":55,"column":6},"end":{"line":57,"column":7}},"type":"if","locations":[{"start":{"line":55,"column":6},"end":{"line":57,"column":7}},{"start":{},"end":{}}],"line":55},"5":{"loc":{"start":{"line":55,"column":10},"end":{"line":55,"column":97}},"type":"binary-expr","locations":[{"start":{"line":55,"column":10},"end":{"line":55,"column":26}},{"start":{"line":55,"column":30},"end":{"line":55,"column":39}},{"start":{"line":55,"column":43},"end":{"line":55,"column":58}},{"start":{"line":55,"column":62},"end":{"line":55,"column":80}},{"start":{"line":55,"column":84},"end":{"line":55,"column":97}}],"line":55},"6":{"loc":{"start":{"line":103,"column":8},"end":{"line":103,"column":106}},"type":"if","locations":[{"start":{"line":103,"column":8},"end":{"line":103,"column":106}},{"start":{},"end":{}}],"line":103},"7":{"loc":{"start":{"line":106,"column":8},"end":{"line":106,"column":109}},"type":"if","locations":[{"start":{"line":106,"column":8},"end":{"line":106,"column":109}},{"start":{},"end":{}}],"line":106},"8":{"loc":{"start":{"line":129,"column":8},"end":{"line":131,"column":9}},"type":"if","locations":[{"start":{"line":129,"column":8},"end":{"line":131,"column":9}},{"start":{},"end":{}}],"line":129}},"s":{"0":2,"1":4,"2":4,"3":4,"4":1,"5":3,"6":2,"7":1,"8":1,"9":1,"10":1,"11":1,"12":0,"13":0,"14":0,"15":1,"16":1,"17":1,"18":2,"19":4,"20":4,"21":4,"22":4,"23":3,"24":1,"25":2,"26":2,"27":1,"28":1,"29":1,"30":1,"31":1,"32":2,"33":0,"34":0,"35":0,"36":0,"37":0,"38":0},"f":{"0":4,"1":4,"2":0},"b":{"0":[1,3],"1":[4,3,3,3,3],"2":[1,1],"3":[0,1],"4":[0,0],"5":[0,0,0,0,0],"6":[1,2],"7":[1,1],"8":[0,0]},"_coverageSchema":"1a1c01bbd47fc00a2c39e90264f33305004495a9","hash":"d8737a492e607b94234523e922fc9bafa8d9bda1"}
,"C:\\Users\\USER\\OneDrive\\Desktop\\WeBarb\\webarb-be\\src\\controllers\\userController.js": {"path":"C:\\Users\\USER\\OneDrive\\Desktop\\WeBarb\\webarb-be\\src\\controllers\\userController.js","statementMap":{"0":{"start":{"line":8,"column":26},"end":{"line":15,"column":1}},"1":{"start":{"line":9,"column":2},"end":{"line":14,"column":3}},"2":{"start":{"line":10,"column":17},"end":{"line":10,"column":50}},"3":{"start":{"line":11,"column":4},"end":{"line":11,"column":31}},"4":{"start":{"line":13,"column":4},"end":{"line":13,"column":71}},"5":{"start":{"line":18,"column":29},"end":{"line":25,"column":1}},"6":{"start":{"line":19,"column":2},"end":{"line":24,"column":3}},"7":{"start":{"line":20,"column":24},"end":{"line":20,"column":70}},"8":{"start":{"line":21,"column":4},"end":{"line":21,"column":38}},"9":{"start":{"line":23,"column":4},"end":{"line":23,"column":71}},"10":{"start":{"line":28,"column":30},"end":{"line":41,"column":1}},"11":{"start":{"line":29,"column":2},"end":{"line":40,"column":3}},"12":{"start":{"line":30,"column":41},"end":{"line":30,"column":49}},"13":{"start":{"line":32,"column":4},"end":{"line":34,"column":5}},"14":{"start":{"line":33,"column":6},"end":{"line":33,"column":82}},"15":{"start":{"line":36,"column":19},"end":{"line":36,"column":82}},"16":{"start":{"line":37,"column":4},"end":{"line":37,"column":33}},"17":{"start":{"line":39,"column":4},"end":{"line":39,"column":71}}},"fnMap":{"0":{"name":"(anonymous_0)","decl":{"start":{"line":8,"column":26},"end":{"line":8,"column":27}},"loc":{"start":{"line":8,"column":46},"end":{"line":15,"column":1}},"line":8},"1":{"name":"(anonymous_1)","decl":{"start":{"line":18,"column":29},"end":{"line":18,"column":30}},"loc":{"start":{"line":18,"column":49},"end":{"line":25,"column":1}},"line":18},"2":{"name":"(anonymous_2)","decl":{"start":{"line":28,"column":30},"end":{"line":28,"column":31}},"loc":{"start":{"line":28,"column":50},"end":{"line":41,"column":1}},"line":28}},"branchMap":{"0":{"loc":{"start":{"line":13,"column":15},"end":{"line":13,"column":38}},"type":"binary-expr","locations":[{"start":{"line":13,"column":15},"end":{"line":13,"column":31}},{"start":{"line":13,"column":35},"end":{"line":13,"column":38}}],"line":13},"1":{"loc":{"start":{"line":23,"column":15},"end":{"line":23,"column":38}},"type":"binary-expr","locations":[{"start":{"line":23,"column":15},"end":{"line":23,"column":31}},{"start":{"line":23,"column":35},"end":{"line":23,"column":38}}],"line":23},"2":{"loc":{"start":{"line":32,"column":4},"end":{"line":34,"column":5}},"type":"if","locations":[{"start":{"line":32,"column":4},"end":{"line":34,"column":5}},{"start":{},"end":{}}],"line":32},"3":{"loc":{"start":{"line":32,"column":8},"end":{"line":32,"column":36}},"type":"binary-expr","locations":[{"start":{"line":32,"column":8},"end":{"line":32,"column":20}},{"start":{"line":32,"column":24},"end":{"line":32,"column":36}}],"line":32},"4":{"loc":{"start":{"line":39,"column":15},"end":{"line":39,"column":38}},"type":"binary-expr","locations":[{"start":{"line":39,"column":15},"end":{"line":39,"column":31}},{"start":{"line":39,"column":35},"end":{"line":39,"column":38}}],"line":39}},"s":{"0":3,"1":2,"2":2,"3":1,"4":1,"5":3,"6":2,"7":2,"8":1,"9":1,"10":3,"11":4,"12":4,"13":4,"14":1,"15":3,"16":1,"17":2},"f":{"0":2,"1":2,"2":4},"b":{"0":[1,0],"1":[1,0],"2":[1,3],"3":[4,3],"4":[2,1]},"_coverageSchema":"1a1c01bbd47fc00a2c39e90264f33305004495a9","hash":"9dc51f78886e3d277520321a8caa7f929897b13f"}
,"C:\\Users\\USER\\OneDrive\\Desktop\\WeBarb\\webarb-be\\src\\models\\Barber.js": {"path":"C:\\Users\\USER\\OneDrive\\Desktop\\WeBarb\\webarb-be\\src\\models\\Barber.js","statementMap":{"0":{"start":{"line":3,"column":21},"end":{"line":86,"column":24}},"1":{"start":{"line":27,"column":8},"end":{"line":27,"column":74}},"2":{"start":{"line":88,"column":15},"end":{"line":88,"column":53}}},"fnMap":{"0":{"name":"(anonymous_0)","decl":{"start":{"line":26,"column":17},"end":{"line":26,"column":18}},"loc":{"start":{"line":26,"column":28},"end":{"line":28,"column":7}},"line":26}},"branchMap":{},"s":{"0":3,"1":0,"2":3},"f":{"0":0},"b":{},"_coverageSchema":"1a1c01bbd47fc00a2c39e90264f33305004495a9","hash":"1eed354953832ab9a6b0c7f79995c479b7befbf0"}
,"C:\\Users\\USER\\OneDrive\\Desktop\\WeBarb\\webarb-be\\src\\models\\User.js": {"path":"C:\\Users\\USER\\OneDrive\\Desktop\\WeBarb\\webarb-be\\src\\models\\User.js","statementMap":{"0":{"start":{"line":3,"column":19},"end":{"line":44,"column":24}},"1":{"start":{"line":23,"column":6},"end":{"line":23,"column":28}},"2":{"start":{"line":30,"column":6},"end":{"line":30,"column":28}},"3":{"start":{"line":46,"column":13},"end":{"line":46,"column":47}}},"fnMap":{"0":{"name":"(anonymous_0)","decl":{"start":{"line":22,"column":14},"end":{"line":22,"column":15}},"loc":{"start":{"line":22,"column":26},"end":{"line":24,"column":5}},"line":22},"1":{"name":"(anonymous_1)","decl":{"start":{"line":29,"column":14},"end":{"line":29,"column":15}},"loc":{"start":{"line":29,"column":26},"end":{"line":31,"column":5}},"line":29}},"branchMap":{},"s":{"0":3,"1":0,"2":0,"3":3},"f":{"0":0,"1":0},"b":{},"_coverageSchema":"1a1c01bbd47fc00a2c39e90264f33305004495a9","hash":"f888db5f6e27ae00a15dd0927fbcf3e90a07055a"}
,"C:\\Users\\USER\\OneDrive\\Desktop\\WeBarb\\webarb-be\\src\\services\\barberService.js": {"path":"C:\\Users\\USER\\OneDrive\\Desktop\\WeBarb\\webarb-be\\src\\services\\barberService.js","statementMap":{"0":{"start":{"line":4,"column":28},"end":{"line":24,"column":1}},"1":{"start":{"line":5,"column":39},"end":{"line":5,"column":49}},"2":{"start":{"line":8,"column":4},"end":{"line":10,"column":5}},"3":{"start":{"line":9,"column":8},"end":{"line":9,"column":57}},"4":{"start":{"line":13,"column":27},"end":{"line":13,"column":69}},"5":{"start":{"line":14,"column":4},"end":{"line":14,"column":80}},"6":{"start":{"line":14,"column":24},"end":{"line":14,"column":80}},"7":{"start":{"line":17,"column":26},"end":{"line":17,"column":57}},"8":{"start":{"line":18,"column":4},"end":{"line":20,"column":5}},"9":{"start":{"line":19,"column":8},"end":{"line":19,"column":55}},"10":{"start":{"line":22,"column":19},"end":{"line":22,"column":50}},"11":{"start":{"line":23,"column":4},"end":{"line":23,"column":18}},"12":{"start":{"line":27,"column":29},"end":{"line":41,"column":1}},"13":{"start":{"line":28,"column":4},"end":{"line":40,"column":7}},"14":{"start":{"line":44,"column":29},"end":{"line":48,"column":1}},"15":{"start":{"line":45,"column":19},"end":{"line":45,"column":50}},"16":{"start":{"line":46,"column":4},"end":{"line":46,"column":53}},"17":{"start":{"line":46,"column":17},"end":{"line":46,"column":53}},"18":{"start":{"line":47,"column":4},"end":{"line":47,"column":18}},"19":{"start":{"line":51,"column":34},"end":{"line":70,"column":1}},"20":{"start":{"line":52,"column":16},"end":{"line":52,"column":18}},"21":{"start":{"line":54,"column":4},"end":{"line":58,"column":5}},"22":{"start":{"line":55,"column":8},"end":{"line":55,"column":62}},"23":{"start":{"line":56,"column":11},"end":{"line":58,"column":5}},"24":{"start":{"line":57,"column":8},"end":{"line":57,"column":66}},"25":{"start":{"line":60,"column":20},"end":{"line":67,"column":6}},"26":{"start":{"line":69,"column":4},"end":{"line":69,"column":19}},"27":{"start":{"line":75,"column":28},"end":{"line":79,"column":1}},"28":{"start":{"line":76,"column":19},"end":{"line":76,"column":86}},"29":{"start":{"line":77,"column":4},"end":{"line":77,"column":53}},"30":{"start":{"line":77,"column":17},"end":{"line":77,"column":53}},"31":{"start":{"line":78,"column":4},"end":{"line":78,"column":18}},"32":{"start":{"line":82,"column":34},"end":{"line":87,"column":1}},"33":{"start":{"line":83,"column":19},"end":{"line":83,"column":50}},"34":{"start":{"line":84,"column":4},"end":{"line":84,"column":53}},"35":{"start":{"line":84,"column":17},"end":{"line":84,"column":53}},"36":{"start":{"line":86,"column":4},"end":{"line":86,"column":28}},"37":{"start":{"line":90,"column":28},"end":{"line":95,"column":1}},"38":{"start":{"line":91,"column":19},"end":{"line":91,"column":59}},"39":{"start":{"line":92,"column":4},"end":{"line":92,"column":53}},"40":{"start":{"line":92,"column":17},"end":{"line":92,"column":53}},"41":{"start":{"line":94,"column":4},"end":{"line":94,"column":54}},"42":{"start":{"line":98,"column":37},"end":{"line":113,"column":1}},"43":{"start":{"line":99,"column":18},"end":{"line":109,"column":3}},"44":{"start":{"line":111,"column":2},"end":{"line":111,"column":52}},"45":{"start":{"line":111,"column":16},"end":{"line":111,"column":52}},"46":{"start":{"line":112,"column":2},"end":{"line":112,"column":17}}},"fnMap":{"0":{"name":"(anonymous_0)","decl":{"start":{"line":4,"column":28},"end":{"line":4,"column":29}},"loc":{"start":{"line":4,"column":50},"end":{"line":24,"column":1}},"line":4},"1":{"name":"(anonymous_1)","decl":{"start":{"line":27,"column":29},"end":{"line":27,"column":30}},"loc":{"start":{"line":27,"column":41},"end":{"line":41,"column":1}},"line":27},"2":{"name":"(anonymous_2)","decl":{"start":{"line":44,"column":29},"end":{"line":44,"column":30}},"loc":{"start":{"line":44,"column":49},"end":{"line":48,"column":1}},"line":44},"3":{"name":"(anonymous_3)","decl":{"start":{"line":51,"column":34},"end":{"line":51,"column":35}},"loc":{"start":{"line":51,"column":64},"end":{"line":70,"column":1}},"line":51},"4":{"name":"(anonymous_4)","decl":{"start":{"line":75,"column":28},"end":{"line":75,"column":29}},"loc":{"start":{"line":75,"column":61},"end":{"line":79,"column":1}},"line":75},"5":{"name":"(anonymous_5)","decl":{"start":{"line":82,"column":34},"end":{"line":82,"column":35}},"loc":{"start":{"line":82,"column":54},"end":{"line":87,"column":1}},"line":82},"6":{"name":"(anonymous_6)","decl":{"start":{"line":90,"column":28},"end":{"line":90,"column":29}},"loc":{"start":{"line":90,"column":48},"end":{"line":95,"column":1}},"line":90},"7":{"name":"(anonymous_7)","decl":{"start":{"line":98,"column":37},"end":{"line":98,"column":38}},"loc":{"start":{"line":98,"column":68},"end":{"line":113,"column":1}},"line":98}},"branchMap":{"0":{"loc":{"start":{"line":8,"column":4},"end":{"line":10,"column":5}},"type":"if","locations":[{"start":{"line":8,"column":4},"end":{"line":10,"column":5}},{"start":{},"end":{}}],"line":8},"1":{"loc":{"start":{"line":14,"column":4},"end":{"line":14,"column":80}},"type":"if","locations":[{"start":{"line":14,"column":4},"end":{"line":14,"column":80}},{"start":{},"end":{}}],"line":14},"2":{"loc":{"start":{"line":18,"column":4},"end":{"line":20,"column":5}},"type":"if","locations":[{"start":{"line":18,"column":4},"end":{"line":20,"column":5}},{"start":{},"end":{}}],"line":18},"3":{"loc":{"start":{"line":46,"column":4},"end":{"line":46,"column":53}},"type":"if","locations":[{"start":{"line":46,"column":4},"end":{"line":46,"column":53}},{"start":{},"end":{}}],"line":46},"4":{"loc":{"start":{"line":54,"column":4},"end":{"line":58,"column":5}},"type":"if","locations":[{"start":{"line":54,"column":4},"end":{"line":58,"column":5}},{"start":{"line":56,"column":11},"end":{"line":58,"column":5}}],"line":54},"5":{"loc":{"start":{"line":56,"column":11},"end":{"line":58,"column":5}},"type":"if","locations":[{"start":{"line":56,"column":11},"end":{"line":58,"column":5}},{"start":{},"end":{}}],"line":56},"6":{"loc":{"start":{"line":77,"column":4},"end":{"line":77,"column":53}},"type":"if","locations":[{"start":{"line":77,"column":4},"end":{"line":77,"column":53}},{"start":{},"end":{}}],"line":77},"7":{"loc":{"start":{"line":84,"column":4},"end":{"line":84,"column":53}},"type":"if","locations":[{"start":{"line":84,"column":4},"end":{"line":84,"column":53}},{"start":{},"end":{}}],"line":84},"8":{"loc":{"start":{"line":92,"column":4},"end":{"line":92,"column":53}},"type":"if","locations":[{"start":{"line":92,"column":4},"end":{"line":92,"column":53}},{"start":{},"end":{}}],"line":92},"9":{"loc":{"start":{"line":111,"column":2},"end":{"line":111,"column":52}},"type":"if","locations":[{"start":{"line":111,"column":2},"end":{"line":111,"column":52}},{"start":{},"end":{}}],"line":111}},"s":{"0":1,"1":0,"2":0,"3":0,"4":0,"5":0,"6":0,"7":0,"8":0,"9":0,"10":0,"11":0,"12":1,"13":0,"14":1,"15":0,"16":0,"17":0,"18":0,"19":1,"20":0,"21":0,"22":0,"23":0,"24":0,"25":0,"26":0,"27":1,"28":0,"29":0,"30":0,"31":0,"32":1,"33":0,"34":0,"35":0,"36":0,"37":1,"38":0,"39":0,"40":0,"41":0,"42":1,"43":0,"44":0,"45":0,"46":0},"f":{"0":0,"1":0,"2":0,"3":0,"4":0,"5":0,"6":0,"7":0},"b":{"0":[0,0],"1":[0,0],"2":[0,0],"3":[0,0],"4":[0,0],"5":[0,0],"6":[0,0],"7":[0,0],"8":[0,0],"9":[0,0]},"_coverageSchema":"1a1c01bbd47fc00a2c39e90264f33305004495a9","hash":"f721a43421a95fffac15e180fb72fa46818a0553"}
,"C:\\Users\\USER\\OneDrive\\Desktop\\WeBarb\\webarb-be\\src\\services\\userService.js": {"path":"C:\\Users\\USER\\OneDrive\\Desktop\\WeBarb\\webarb-be\\src\\services\\userService.js","statementMap":{"0":{"start":{"line":5,"column":30},"end":{"line":12,"column":1}},"1":{"start":{"line":6,"column":15},"end":{"line":7,"column":56}},"2":{"start":{"line":9,"column":2},"end":{"line":9,"column":47}},"3":{"start":{"line":9,"column":13},"end":{"line":9,"column":47}},"4":{"start":{"line":11,"column":2},"end":{"line":11,"column":14}},"5":{"start":{"line":16,"column":29},"end":{"line":36,"column":1}},"6":{"start":{"line":18,"column":24},"end":{"line":18,"column":60}},"7":{"start":{"line":21,"column":24},"end":{"line":21,"column":26}},"8":{"start":{"line":22,"column":2},"end":{"line":26,"column":3}},"9":{"start":{"line":23,"column":4},"end":{"line":25,"column":5}},"10":{"start":{"line":24,"column":6},"end":{"line":24,"column":44}},"11":{"start":{"line":27,"column":22},"end":{"line":31,"column":3}},"12":{"start":{"line":33,"column":2},"end":{"line":33,"column":54}},"13":{"start":{"line":33,"column":20},"end":{"line":33,"column":54}},"14":{"start":{"line":35,"column":2},"end":{"line":35,"column":21}},"15":{"start":{"line":41,"column":30},"end":{"line":61,"column":1}},"16":{"start":{"line":42,"column":15},"end":{"line":42,"column":42}},"17":{"start":{"line":43,"column":2},"end":{"line":45,"column":3}},"18":{"start":{"line":44,"column":4},"end":{"line":44,"column":38}},"19":{"start":{"line":48,"column":18},"end":{"line":48,"column":66}},"20":{"start":{"line":49,"column":2},"end":{"line":51,"column":3}},"21":{"start":{"line":50,"column":4},"end":{"line":50,"column":49}},"22":{"start":{"line":54,"column":15},"end":{"line":54,"column":39}},"23":{"start":{"line":55,"column":25},"end":{"line":55,"column":61}},"24":{"start":{"line":57,"column":2},"end":{"line":57,"column":33}},"25":{"start":{"line":58,"column":2},"end":{"line":58,"column":20}},"26":{"start":{"line":60,"column":2},"end":{"line":60,"column":54}}},"fnMap":{"0":{"name":"(anonymous_0)","decl":{"start":{"line":5,"column":30},"end":{"line":5,"column":31}},"loc":{"start":{"line":5,"column":48},"end":{"line":12,"column":1}},"line":5},"1":{"name":"(anonymous_1)","decl":{"start":{"line":16,"column":29},"end":{"line":16,"column":30}},"loc":{"start":{"line":16,"column":60},"end":{"line":36,"column":1}},"line":16},"2":{"name":"(anonymous_2)","decl":{"start":{"line":41,"column":30},"end":{"line":41,"column":31}},"loc":{"start":{"line":41,"column":74},"end":{"line":61,"column":1}},"line":41}},"branchMap":{"0":{"loc":{"start":{"line":9,"column":2},"end":{"line":9,"column":47}},"type":"if","locations":[{"start":{"line":9,"column":2},"end":{"line":9,"column":47}},{"start":{},"end":{}}],"line":9},"1":{"loc":{"start":{"line":23,"column":4},"end":{"line":25,"column":5}},"type":"if","locations":[{"start":{"line":23,"column":4},"end":{"line":25,"column":5}},{"start":{},"end":{}}],"line":23},"2":{"loc":{"start":{"line":33,"column":2},"end":{"line":33,"column":54}},"type":"if","locations":[{"start":{"line":33,"column":2},"end":{"line":33,"column":54}},{"start":{},"end":{}}],"line":33},"3":{"loc":{"start":{"line":43,"column":2},"end":{"line":45,"column":3}},"type":"if","locations":[{"start":{"line":43,"column":2},"end":{"line":45,"column":3}},{"start":{},"end":{}}],"line":43},"4":{"loc":{"start":{"line":49,"column":2},"end":{"line":51,"column":3}},"type":"if","locations":[{"start":{"line":49,"column":2},"end":{"line":51,"column":3}},{"start":{},"end":{}}],"line":49}},"s":{"0":2,"1":0,"2":0,"3":0,"4":0,"5":2,"6":0,"7":0,"8":0,"9":0,"10":0,"11":0,"12":0,"13":0,"14":0,"15":2,"16":3,"17":3,"18":1,"19":2,"20":2,"21":1,"22":1,"23":1,"24":1,"25":1,"26":1},"f":{"0":0,"1":0,"2":3},"b":{"0":[0,0],"1":[0,0],"2":[0,0],"3":[1,2],"4":[1,1]},"_coverageSchema":"1a1c01bbd47fc00a2c39e90264f33305004495a9","hash":"46296b02421ac8e9d648d2653131c9d736484846"}
,"C:\\Users\\USER\\OneDrive\\Desktop\\WeBarb\\webarb-be\\src\\utils\\jwt.js": {"path":"C:\\Users\\USER\\OneDrive\\Desktop\\WeBarb\\webarb-be\\src\\utils\\jwt.js","statementMap":{"0":{"start":{"line":3,"column":19},"end":{"line":3,"column":559}},"1":{"start":{"line":4,"column":23},"end":{"line":4,"column":57}},"2":{"start":{"line":6,"column":29},"end":{"line":10,"column":1}},"3":{"start":{"line":7,"column":2},"end":{"line":9,"column":5}},"4":{"start":{"line":12,"column":36},"end":{"line":14,"column":1}},"5":{"start":{"line":13,"column":2},"end":{"line":13,"column":68}},"6":{"start":{"line":16,"column":27},"end":{"line":22,"column":1}},"7":{"start":{"line":17,"column":2},"end":{"line":21,"column":3}},"8":{"start":{"line":18,"column":4},"end":{"line":18,"column":41}},"9":{"start":{"line":20,"column":4},"end":{"line":20,"column":48}},"10":{"start":{"line":24,"column":34},"end":{"line":26,"column":1}},"11":{"start":{"line":25,"column":2},"end":{"line":25,"column":47}},"12":{"start":{"line":29,"column":27},"end":{"line":31,"column":1}},"13":{"start":{"line":30,"column":2},"end":{"line":30,"column":27}}},"fnMap":{"0":{"name":"(anonymous_0)","decl":{"start":{"line":6,"column":29},"end":{"line":6,"column":30}},"loc":{"start":{"line":6,"column":42},"end":{"line":10,"column":1}},"line":6},"1":{"name":"(anonymous_1)","decl":{"start":{"line":12,"column":36},"end":{"line":12,"column":37}},"loc":{"start":{"line":12,"column":48},"end":{"line":14,"column":1}},"line":12},"2":{"name":"(anonymous_2)","decl":{"start":{"line":16,"column":27},"end":{"line":16,"column":28}},"loc":{"start":{"line":16,"column":38},"end":{"line":22,"column":1}},"line":16},"3":{"name":"(anonymous_3)","decl":{"start":{"line":24,"column":34},"end":{"line":24,"column":35}},"loc":{"start":{"line":24,"column":44},"end":{"line":26,"column":1}},"line":24},"4":{"name":"(anonymous_4)","decl":{"start":{"line":29,"column":27},"end":{"line":29,"column":28}},"loc":{"start":{"line":29,"column":38},"end":{"line":31,"column":1}},"line":29}},"branchMap":{"0":{"loc":{"start":{"line":3,"column":19},"end":{"line":3,"column":559}},"type":"binary-expr","locations":[{"start":{"line":3,"column":19},"end":{"line":3,"column":41}},{"start":{"line":3,"column":45},"end":{"line":3,"column":559}}],"line":3},"1":{"loc":{"start":{"line":4,"column":23},"end":{"line":4,"column":57}},"type":"binary-expr","locations":[{"start":{"line":4,"column":23},"end":{"line":4,"column":49}},{"start":{"line":4,"column":53},"end":{"line":4,"column":57}}],"line":4}},"s":{"0":2,"1":2,"2":2,"3":0,"4":2,"5":0,"6":2,"7":0,"8":0,"9":0,"10":2,"11":0,"12":2,"13":0},"f":{"0":0,"1":0,"2":0,"3":0,"4":0},"b":{"0":[2,0],"1":[2,2]},"_coverageSchema":"1a1c01bbd47fc00a2c39e90264f33305004495a9","hash":"df5cef4e62c4d7434858d0df48017cf24989c90b"}
}
