TN:
SF:src\controllers\authController.js
FN:12,(anonymous_0)
FN:96,(anonymous_1)
FN:126,(anonymous_2)
FNF:3
FNH:2
FNDA:4,(anonymous_0)
FNDA:4,(anonymous_1)
FNDA:0,(anonymous_2)
DA:12,2
DA:13,4
DA:25,4
DA:28,4
DA:29,1
DA:33,3
DA:34,2
DA:35,1
DA:39,1
DA:42,1
DA:51,1
DA:54,1
DA:55,0
DA:56,0
DA:60,0
DA:74,1
DA:81,1
DA:89,1
DA:96,2
DA:97,4
DA:98,4
DA:99,4
DA:102,4
DA:103,3
DA:105,2
DA:106,2
DA:108,1
DA:111,1
DA:113,1
DA:119,1
DA:126,2
DA:127,0
DA:128,0
DA:129,0
DA:130,0
DA:134,0
DA:136,0
LF:37
LH:28
BRDA:28,0,0,1
BRDA:28,0,1,3
BRDA:28,1,0,4
BRDA:28,1,1,3
BRDA:28,1,2,3
BRDA:28,1,3,3
BRDA:28,1,4,3
BRDA:34,2,0,1
BRDA:34,2,1,1
BRDA:54,3,0,0
BRDA:54,3,1,1
BRDA:55,4,0,0
BRDA:55,4,1,0
BRDA:55,5,0,0
BRDA:55,5,1,0
BRDA:55,5,2,0
BRDA:55,5,3,0
BRDA:55,5,4,0
BRDA:103,6,0,1
BRDA:103,6,1,2
BRDA:106,7,0,1
BRDA:106,7,1,1
BRDA:129,8,0,0
BRDA:129,8,1,0
BRF:24
BRH:14
end_of_record
TN:
SF:src\controllers\userController.js
FN:8,(anonymous_0)
FN:18,(anonymous_1)
FN:28,(anonymous_2)
FNF:3
FNH:3
FNDA:2,(anonymous_0)
FNDA:2,(anonymous_1)
FNDA:4,(anonymous_2)
DA:8,3
DA:9,2
DA:10,2
DA:11,1
DA:13,1
DA:18,3
DA:19,2
DA:20,2
DA:21,1
DA:23,1
DA:28,3
DA:29,4
DA:30,4
DA:32,4
DA:33,1
DA:36,3
DA:37,1
DA:39,2
LF:18
LH:18
BRDA:13,0,0,1
BRDA:13,0,1,0
BRDA:23,1,0,1
BRDA:23,1,1,0
BRDA:32,2,0,1
BRDA:32,2,1,3
BRDA:32,3,0,4
BRDA:32,3,1,3
BRDA:39,4,0,2
BRDA:39,4,1,1
BRF:10
BRH:8
end_of_record
TN:
SF:src\models\Barber.js
FN:26,(anonymous_0)
FNF:1
FNH:0
FNDA:0,(anonymous_0)
DA:3,3
DA:27,0
DA:88,3
LF:3
LH:2
BRF:0
BRH:0
end_of_record
TN:
SF:src\models\User.js
FN:22,(anonymous_0)
FN:29,(anonymous_1)
FNF:2
FNH:0
FNDA:0,(anonymous_0)
FNDA:0,(anonymous_1)
DA:3,3
DA:23,0
DA:30,0
DA:46,3
LF:4
LH:2
BRF:0
BRH:0
end_of_record
TN:
SF:src\services\barberService.js
FN:4,(anonymous_0)
FN:27,(anonymous_1)
FN:44,(anonymous_2)
FN:51,(anonymous_3)
FN:75,(anonymous_4)
FN:82,(anonymous_5)
FN:90,(anonymous_6)
FN:98,(anonymous_7)
FNF:8
FNH:0
FNDA:0,(anonymous_0)
FNDA:0,(anonymous_1)
FNDA:0,(anonymous_2)
FNDA:0,(anonymous_3)
FNDA:0,(anonymous_4)
FNDA:0,(anonymous_5)
FNDA:0,(anonymous_6)
FNDA:0,(anonymous_7)
DA:4,1
DA:5,0
DA:8,0
DA:9,0
DA:13,0
DA:14,0
DA:17,0
DA:18,0
DA:19,0
DA:22,0
DA:23,0
DA:27,1
DA:28,0
DA:44,1
DA:45,0
DA:46,0
DA:47,0
DA:51,1
DA:52,0
DA:54,0
DA:55,0
DA:56,0
DA:57,0
DA:60,0
DA:69,0
DA:75,1
DA:76,0
DA:77,0
DA:78,0
DA:82,1
DA:83,0
DA:84,0
DA:86,0
DA:90,1
DA:91,0
DA:92,0
DA:94,0
DA:98,1
DA:99,0
DA:111,0
DA:112,0
LF:41
LH:8
BRDA:8,0,0,0
BRDA:8,0,1,0
BRDA:14,1,0,0
BRDA:14,1,1,0
BRDA:18,2,0,0
BRDA:18,2,1,0
BRDA:46,3,0,0
BRDA:46,3,1,0
BRDA:54,4,0,0
BRDA:54,4,1,0
BRDA:56,5,0,0
BRDA:56,5,1,0
BRDA:77,6,0,0
BRDA:77,6,1,0
BRDA:84,7,0,0
BRDA:84,7,1,0
BRDA:92,8,0,0
BRDA:92,8,1,0
BRDA:111,9,0,0
BRDA:111,9,1,0
BRF:20
BRH:0
end_of_record
TN:
SF:src\services\userService.js
FN:5,(anonymous_0)
FN:16,(anonymous_1)
FN:41,(anonymous_2)
FNF:3
FNH:1
FNDA:0,(anonymous_0)
FNDA:0,(anonymous_1)
FNDA:3,(anonymous_2)
DA:5,2
DA:6,0
DA:9,0
DA:11,0
DA:16,2
DA:18,0
DA:21,0
DA:22,0
DA:23,0
DA:24,0
DA:27,0
DA:33,0
DA:35,0
DA:41,2
DA:42,3
DA:43,3
DA:44,1
DA:48,2
DA:49,2
DA:50,1
DA:54,1
DA:55,1
DA:57,1
DA:58,1
DA:60,1
LF:25
LH:14
BRDA:9,0,0,0
BRDA:9,0,1,0
BRDA:23,1,0,0
BRDA:23,1,1,0
BRDA:33,2,0,0
BRDA:33,2,1,0
BRDA:43,3,0,1
BRDA:43,3,1,2
BRDA:49,4,0,1
BRDA:49,4,1,1
BRF:10
BRH:4
end_of_record
TN:
SF:src\utils\jwt.js
FN:6,(anonymous_0)
FN:12,(anonymous_1)
FN:16,(anonymous_2)
FN:24,(anonymous_3)
FN:29,(anonymous_4)
FNF:5
FNH:0
FNDA:0,(anonymous_0)
FNDA:0,(anonymous_1)
FNDA:0,(anonymous_2)
FNDA:0,(anonymous_3)
FNDA:0,(anonymous_4)
DA:3,2
DA:4,2
DA:6,2
DA:7,0
DA:12,2
DA:13,0
DA:16,2
DA:17,0
DA:18,0
DA:20,0
DA:24,2
DA:25,0
DA:29,2
DA:30,0
LF:14
LH:7
BRDA:3,0,0,2
BRDA:3,0,1,0
BRDA:4,1,0,2
BRDA:4,1,1,2
BRF:4
BRH:3
end_of_record
